{"/home/brunna/Área de Trabalho/Future4/aulas_git/BrunnaRocha/semana-10/aula-2-testes-react-redux/4eddit-G1/src/index.js": {"path":"/home/brunna/Área de Trabalho/Future4/aulas_git/BrunnaRocha/semana-10/aula-2-testes-react-redux/4eddit-G1/src/index.js","statementMap":{"0":{"start":{"line":5,"column":20},"end":{"line":5,"column":51}},"1":{"start":{"line":6,"column":0},"end":{"line":6,"column":38}}},"fnMap":{},"branchMap":{},"s":{"0":0,"1":0},"f":{},"b":{},"hash":"cc7851e61a41dbc8d2d2f4de754f3d722a1f3950"}
,"/home/brunna/Área de Trabalho/Future4/aulas_git/BrunnaRocha/semana-10/aula-2-testes-react-redux/4eddit-G1/src/Components/AnswerCard/index.js": {"path":"/home/brunna/Área de Trabalho/Future4/aulas_git/BrunnaRocha/semana-10/aula-2-testes-react-redux/4eddit-G1/src/Components/AnswerCard/index.js","statementMap":{"0":{"start":{"line":11,"column":21},"end":{"line":15,"column":1}},"1":{"start":{"line":19,"column":8},"end":{"line":19,"column":20}},"2":{"start":{"line":20,"column":8},"end":{"line":22,"column":9}},"3":{"start":{"line":26,"column":8},"end":{"line":49,"column":9}}},"fnMap":{"0":{"name":"(anonymous_0)","decl":{"start":{"line":18,"column":4},"end":{"line":18,"column":5}},"loc":{"start":{"line":18,"column":23},"end":{"line":23,"column":5}},"line":18},"1":{"name":"(anonymous_1)","decl":{"start":{"line":25,"column":4},"end":{"line":25,"column":5}},"loc":{"start":{"line":25,"column":13},"end":{"line":50,"column":5}},"line":25}},"branchMap":{"0":{"loc":{"start":{"line":31,"column":25},"end":{"line":31,"column":84}},"type":"cond-expr","locations":[{"start":{"line":31,"column":47},"end":{"line":31,"column":79}},{"start":{"line":31,"column":82},"end":{"line":31,"column":84}}],"line":31}},"s":{"0":0,"1":0,"2":0,"3":0},"f":{"0":0,"1":0},"b":{"0":[0,0]},"hash":"a1b7b9c269e168b21a72e1a6fa74e999e4d20eb0"}
,"/home/brunna/Área de Trabalho/Future4/aulas_git/BrunnaRocha/semana-10/aula-2-testes-react-redux/4eddit-G1/src/Components/AnswerCard/styled.js": {"path":"/home/brunna/Área de Trabalho/Future4/aulas_git/BrunnaRocha/semana-10/aula-2-testes-react-redux/4eddit-G1/src/Components/AnswerCard/styled.js","statementMap":{"0":{"start":{"line":3,"column":39},"end":{"line":9,"column":1}},"1":{"start":{"line":11,"column":33},"end":{"line":16,"column":1}},"2":{"start":{"line":18,"column":26},"end":{"line":23,"column":1}},"3":{"start":{"line":25,"column":31},"end":{"line":31,"column":1}},"4":{"start":{"line":33,"column":33},"end":{"line":40,"column":1}},"5":{"start":{"line":42,"column":24},"end":{"line":45,"column":1}},"6":{"start":{"line":47,"column":27},"end":{"line":59,"column":1}},"7":{"start":{"line":61,"column":23},"end":{"line":70,"column":1}},"8":{"start":{"line":72,"column":25},"end":{"line":82,"column":1}}},"fnMap":{},"branchMap":{},"s":{"0":0,"1":0,"2":0,"3":0,"4":0,"5":0,"6":0,"7":0,"8":0},"f":{},"b":{},"hash":"c06a691821b7937e6c462d511cd90856e79c6a4a"}
,"/home/brunna/Área de Trabalho/Future4/aulas_git/BrunnaRocha/semana-10/aula-2-testes-react-redux/4eddit-G1/src/Components/PostCard/index.js": {"path":"/home/brunna/Área de Trabalho/Future4/aulas_git/BrunnaRocha/semana-10/aula-2-testes-react-redux/4eddit-G1/src/Components/PostCard/index.js","statementMap":{"0":{"start":{"line":13,"column":21},"end":{"line":17,"column":1}},"1":{"start":{"line":21,"column":8},"end":{"line":21,"column":20}},"2":{"start":{"line":22,"column":8},"end":{"line":24,"column":9}},"3":{"start":{"line":27,"column":17},"end":{"line":30,"column":5}},"4":{"start":{"line":28,"column":28},"end":{"line":28,"column":57}},"5":{"start":{"line":29,"column":8},"end":{"line":29,"column":61}},"6":{"start":{"line":32,"column":13},"end":{"line":35,"column":5}},"7":{"start":{"line":33,"column":8},"end":{"line":33,"column":52}},"8":{"start":{"line":34,"column":8},"end":{"line":34,"column":35}},"9":{"start":{"line":40,"column":88},"end":{"line":40,"column":98}},"10":{"start":{"line":42,"column":8},"end":{"line":60,"column":9}},"11":{"start":{"line":53,"column":48},"end":{"line":53,"column":66}},"12":{"start":{"line":55,"column":50},"end":{"line":55,"column":69}},"13":{"start":{"line":68,"column":27},"end":{"line":72,"column":2}},"14":{"start":{"line":68,"column":40},"end":{"line":72,"column":1}},"15":{"start":{"line":69,"column":26},"end":{"line":69,"column":55}},"16":{"start":{"line":70,"column":35},"end":{"line":70,"column":68}},"17":{"start":{"line":71,"column":39},"end":{"line":71,"column":78}}},"fnMap":{"0":{"name":"(anonymous_0)","decl":{"start":{"line":20,"column":4},"end":{"line":20,"column":5}},"loc":{"start":{"line":20,"column":23},"end":{"line":25,"column":5}},"line":20},"1":{"name":"(anonymous_1)","decl":{"start":{"line":27,"column":17},"end":{"line":27,"column":18}},"loc":{"start":{"line":27,"column":28},"end":{"line":30,"column":5}},"line":27},"2":{"name":"(anonymous_2)","decl":{"start":{"line":32,"column":13},"end":{"line":32,"column":14}},"loc":{"start":{"line":32,"column":19},"end":{"line":35,"column":5}},"line":32},"3":{"name":"(anonymous_3)","decl":{"start":{"line":38,"column":4},"end":{"line":38,"column":5}},"loc":{"start":{"line":38,"column":13},"end":{"line":61,"column":5}},"line":38},"4":{"name":"(anonymous_4)","decl":{"start":{"line":53,"column":42},"end":{"line":53,"column":43}},"loc":{"start":{"line":53,"column":48},"end":{"line":53,"column":66}},"line":53},"5":{"name":"(anonymous_5)","decl":{"start":{"line":55,"column":44},"end":{"line":55,"column":45}},"loc":{"start":{"line":55,"column":50},"end":{"line":55,"column":69}},"line":55},"6":{"name":"(anonymous_6)","decl":{"start":{"line":68,"column":27},"end":{"line":68,"column":28}},"loc":{"start":{"line":68,"column":40},"end":{"line":72,"column":1}},"line":68},"7":{"name":"(anonymous_7)","decl":{"start":{"line":69,"column":20},"end":{"line":69,"column":21}},"loc":{"start":{"line":69,"column":26},"end":{"line":69,"column":55}},"line":69},"8":{"name":"(anonymous_8)","decl":{"start":{"line":70,"column":17},"end":{"line":70,"column":18}},"loc":{"start":{"line":70,"column":35},"end":{"line":70,"column":68}},"line":70},"9":{"name":"(anonymous_9)","decl":{"start":{"line":71,"column":20},"end":{"line":71,"column":21}},"loc":{"start":{"line":71,"column":39},"end":{"line":71,"column":78}},"line":71}},"branchMap":{"0":{"loc":{"start":{"line":45,"column":35},"end":{"line":45,"column":72}},"type":"cond-expr","locations":[{"start":{"line":45,"column":46},"end":{"line":45,"column":67}},{"start":{"line":45,"column":70},"end":{"line":45,"column":72}}],"line":45},"1":{"loc":{"start":{"line":54,"column":31},"end":{"line":54,"column":58}},"type":"cond-expr","locations":[{"start":{"line":54,"column":44},"end":{"line":54,"column":54}},{"start":{"line":54,"column":57},"end":{"line":54,"column":58}}],"line":54},"2":{"loc":{"start":{"line":57,"column":56},"end":{"line":57,"column":91}},"type":"cond-expr","locations":[{"start":{"line":57,"column":73},"end":{"line":57,"column":87}},{"start":{"line":57,"column":90},"end":{"line":57,"column":91}}],"line":57}},"s":{"0":0,"1":0,"2":0,"3":0,"4":0,"5":0,"6":0,"7":0,"8":0,"9":0,"10":0,"11":0,"12":0,"13":0,"14":0,"15":0,"16":0,"17":0},"f":{"0":0,"1":0,"2":0,"3":0,"4":0,"5":0,"6":0,"7":0,"8":0,"9":0},"b":{"0":[0,0],"1":[0,0],"2":[0,0]},"hash":"76f8162b26c7b9ea2e6081603d535dfde1597672"}
,"/home/brunna/Área de Trabalho/Future4/aulas_git/BrunnaRocha/semana-10/aula-2-testes-react-redux/4eddit-G1/src/Components/PostCard/styled.js": {"path":"/home/brunna/Área de Trabalho/Future4/aulas_git/BrunnaRocha/semana-10/aula-2-testes-react-redux/4eddit-G1/src/Components/PostCard/styled.js","statementMap":{"0":{"start":{"line":3,"column":37},"end":{"line":11,"column":1}},"1":{"start":{"line":13,"column":25},"end":{"line":15,"column":1}},"2":{"start":{"line":17,"column":33},"end":{"line":22,"column":1}},"3":{"start":{"line":24,"column":26},"end":{"line":29,"column":1}},"4":{"start":{"line":31,"column":31},"end":{"line":37,"column":1}},"5":{"start":{"line":39,"column":33},"end":{"line":46,"column":1}},"6":{"start":{"line":48,"column":24},"end":{"line":51,"column":1}},"7":{"start":{"line":53,"column":27},"end":{"line":65,"column":1}},"8":{"start":{"line":67,"column":23},"end":{"line":76,"column":1}},"9":{"start":{"line":78,"column":25},"end":{"line":88,"column":1}}},"fnMap":{},"branchMap":{},"s":{"0":0,"1":0,"2":0,"3":0,"4":0,"5":0,"6":0,"7":0,"8":0,"9":0},"f":{},"b":{},"hash":"743af62d6bf97f4f5428ec7d1f7d0d2c58d74696"}
,"/home/brunna/Área de Trabalho/Future4/aulas_git/BrunnaRocha/semana-10/aula-2-testes-react-redux/4eddit-G1/src/Components/QuestionCard/index.js": {"path":"/home/brunna/Área de Trabalho/Future4/aulas_git/BrunnaRocha/semana-10/aula-2-testes-react-redux/4eddit-G1/src/Components/QuestionCard/index.js","statementMap":{"0":{"start":{"line":11,"column":21},"end":{"line":15,"column":1}},"1":{"start":{"line":19,"column":8},"end":{"line":19,"column":20}},"2":{"start":{"line":20,"column":8},"end":{"line":22,"column":9}},"3":{"start":{"line":26,"column":8},"end":{"line":49,"column":9}}},"fnMap":{"0":{"name":"(anonymous_0)","decl":{"start":{"line":18,"column":4},"end":{"line":18,"column":5}},"loc":{"start":{"line":18,"column":23},"end":{"line":23,"column":5}},"line":18},"1":{"name":"(anonymous_1)","decl":{"start":{"line":25,"column":4},"end":{"line":25,"column":5}},"loc":{"start":{"line":25,"column":13},"end":{"line":50,"column":5}},"line":25}},"branchMap":{"0":{"loc":{"start":{"line":29,"column":35},"end":{"line":29,"column":97}},"type":"cond-expr","locations":[{"start":{"line":29,"column":57},"end":{"line":29,"column":89}},{"start":{"line":29,"column":92},"end":{"line":29,"column":97}}],"line":29},"1":{"loc":{"start":{"line":45,"column":25},"end":{"line":45,"column":82}},"type":"cond-expr","locations":[{"start":{"line":45,"column":53},"end":{"line":45,"column":78}},{"start":{"line":45,"column":81},"end":{"line":45,"column":82}}],"line":45}},"s":{"0":0,"1":0,"2":0,"3":0},"f":{"0":0,"1":0},"b":{"0":[0,0],"1":[0,0]},"hash":"622371bf1cd048e1deae6e84f90e1037beba6c3e"}
,"/home/brunna/Área de Trabalho/Future4/aulas_git/BrunnaRocha/semana-10/aula-2-testes-react-redux/4eddit-G1/src/Components/QuestionCard/styled.js": {"path":"/home/brunna/Área de Trabalho/Future4/aulas_git/BrunnaRocha/semana-10/aula-2-testes-react-redux/4eddit-G1/src/Components/QuestionCard/styled.js","statementMap":{"0":{"start":{"line":3,"column":41},"end":{"line":9,"column":1}},"1":{"start":{"line":11,"column":33},"end":{"line":16,"column":1}},"2":{"start":{"line":18,"column":26},"end":{"line":23,"column":1}},"3":{"start":{"line":25,"column":31},"end":{"line":31,"column":1}},"4":{"start":{"line":33,"column":33},"end":{"line":40,"column":1}},"5":{"start":{"line":42,"column":24},"end":{"line":45,"column":1}},"6":{"start":{"line":47,"column":27},"end":{"line":59,"column":1}},"7":{"start":{"line":61,"column":23},"end":{"line":70,"column":1}},"8":{"start":{"line":72,"column":25},"end":{"line":82,"column":1}}},"fnMap":{},"branchMap":{},"s":{"0":0,"1":0,"2":0,"3":0,"4":0,"5":0,"6":0,"7":0,"8":0},"f":{},"b":{},"hash":"1292f808e75ed3ad8a48bda937050a54f8309600"}
,"/home/brunna/Área de Trabalho/Future4/aulas_git/BrunnaRocha/semana-10/aula-2-testes-react-redux/4eddit-G1/src/actions/auth.js": {"path":"/home/brunna/Área de Trabalho/Future4/aulas_git/BrunnaRocha/semana-10/aula-2-testes-react-redux/4eddit-G1/src/actions/auth.js","statementMap":{"0":{"start":{"line":5,"column":16},"end":{"line":5,"column":80}},"1":{"start":{"line":7,"column":21},"end":{"line":22,"column":1}},"2":{"start":{"line":7,"column":39},"end":{"line":22,"column":1}},"3":{"start":{"line":8,"column":4},"end":{"line":21,"column":5}},"4":{"start":{"line":10,"column":21},"end":{"line":13,"column":9}},"5":{"start":{"line":15,"column":25},"end":{"line":15,"column":67}},"6":{"start":{"line":17,"column":8},"end":{"line":17,"column":65}},"7":{"start":{"line":18,"column":8},"end":{"line":18,"column":35}},"8":{"start":{"line":20,"column":8},"end":{"line":20,"column":24}},"9":{"start":{"line":24,"column":22},"end":{"line":39,"column":1}},"10":{"start":{"line":24,"column":49},"end":{"line":39,"column":1}},"11":{"start":{"line":25,"column":4},"end":{"line":38,"column":5}},"12":{"start":{"line":27,"column":21},"end":{"line":31,"column":9}},"13":{"start":{"line":33,"column":25},"end":{"line":33,"column":62}},"14":{"start":{"line":35,"column":8},"end":{"line":35,"column":29}},"15":{"start":{"line":37,"column":8},"end":{"line":37,"column":24}}},"fnMap":{"0":{"name":"(anonymous_0)","decl":{"start":{"line":7,"column":21},"end":{"line":7,"column":22}},"loc":{"start":{"line":7,"column":39},"end":{"line":22,"column":1}},"line":7},"1":{"name":"(anonymous_1)","decl":{"start":{"line":7,"column":39},"end":{"line":7,"column":40}},"loc":{"start":{"line":7,"column":57},"end":{"line":22,"column":1}},"line":7},"2":{"name":"(anonymous_2)","decl":{"start":{"line":24,"column":22},"end":{"line":24,"column":23}},"loc":{"start":{"line":24,"column":49},"end":{"line":39,"column":1}},"line":24},"3":{"name":"(anonymous_3)","decl":{"start":{"line":24,"column":49},"end":{"line":24,"column":50}},"loc":{"start":{"line":24,"column":67},"end":{"line":39,"column":1}},"line":24}},"branchMap":{},"s":{"0":0,"1":0,"2":0,"3":0,"4":0,"5":0,"6":0,"7":0,"8":0,"9":0,"10":0,"11":0,"12":0,"13":0,"14":0,"15":0},"f":{"0":0,"1":0,"2":0,"3":0},"b":{},"hash":"17bb40a0d1110677c444787af5533180eb7d7098"}
,"/home/brunna/Área de Trabalho/Future4/aulas_git/BrunnaRocha/semana-10/aula-2-testes-react-redux/4eddit-G1/src/actions/index.js": {"path":"/home/brunna/Área de Trabalho/Future4/aulas_git/BrunnaRocha/semana-10/aula-2-testes-react-redux/4eddit-G1/src/actions/index.js","statementMap":{"0":{"start":{"line":3,"column":16},"end":{"line":3,"column":80}},"1":{"start":{"line":5,"column":24},"end":{"line":10,"column":2}},"2":{"start":{"line":5,"column":36},"end":{"line":10,"column":1}},"3":{"start":{"line":12,"column":30},"end":{"line":17,"column":2}},"4":{"start":{"line":12,"column":48},"end":{"line":17,"column":1}},"5":{"start":{"line":19,"column":30},"end":{"line":24,"column":2}},"6":{"start":{"line":19,"column":48},"end":{"line":24,"column":1}},"7":{"start":{"line":28,"column":26},"end":{"line":46,"column":1}},"8":{"start":{"line":28,"column":53},"end":{"line":46,"column":1}},"9":{"start":{"line":30,"column":18},"end":{"line":30,"column":54}},"10":{"start":{"line":32,"column":17},"end":{"line":35,"column":5}},"11":{"start":{"line":37,"column":21},"end":{"line":43,"column":5}},"12":{"start":{"line":45,"column":4},"end":{"line":45,"column":24}},"13":{"start":{"line":50,"column":24},"end":{"line":61,"column":1}},"14":{"start":{"line":50,"column":30},"end":{"line":61,"column":1}},"15":{"start":{"line":52,"column":18},"end":{"line":52,"column":54}},"16":{"start":{"line":54,"column":21},"end":{"line":58,"column":6}},"17":{"start":{"line":60,"column":4},"end":{"line":60,"column":43}},"18":{"start":{"line":63,"column":25},"end":{"line":79,"column":1}},"19":{"start":{"line":63,"column":43},"end":{"line":79,"column":1}},"20":{"start":{"line":65,"column":18},"end":{"line":65,"column":54}},"21":{"start":{"line":67,"column":17},"end":{"line":69,"column":5}},"22":{"start":{"line":71,"column":21},"end":{"line":76,"column":6}},"23":{"start":{"line":78,"column":4},"end":{"line":78,"column":24}},"24":{"start":{"line":81,"column":30},"end":{"line":93,"column":1}},"25":{"start":{"line":81,"column":42},"end":{"line":93,"column":1}},"26":{"start":{"line":82,"column":18},"end":{"line":82,"column":54}},"27":{"start":{"line":84,"column":21},"end":{"line":89,"column":6}},"28":{"start":{"line":91,"column":4},"end":{"line":91,"column":48}}},"fnMap":{"0":{"name":"(anonymous_0)","decl":{"start":{"line":5,"column":24},"end":{"line":5,"column":25}},"loc":{"start":{"line":5,"column":36},"end":{"line":10,"column":1}},"line":5},"1":{"name":"(anonymous_1)","decl":{"start":{"line":12,"column":30},"end":{"line":12,"column":31}},"loc":{"start":{"line":12,"column":48},"end":{"line":17,"column":1}},"line":12},"2":{"name":"(anonymous_2)","decl":{"start":{"line":19,"column":30},"end":{"line":19,"column":31}},"loc":{"start":{"line":19,"column":48},"end":{"line":24,"column":1}},"line":19},"3":{"name":"(anonymous_3)","decl":{"start":{"line":28,"column":26},"end":{"line":28,"column":27}},"loc":{"start":{"line":28,"column":53},"end":{"line":46,"column":1}},"line":28},"4":{"name":"(anonymous_4)","decl":{"start":{"line":28,"column":53},"end":{"line":28,"column":54}},"loc":{"start":{"line":28,"column":73},"end":{"line":46,"column":1}},"line":28},"5":{"name":"(anonymous_5)","decl":{"start":{"line":50,"column":24},"end":{"line":50,"column":25}},"loc":{"start":{"line":50,"column":30},"end":{"line":61,"column":1}},"line":50},"6":{"name":"(anonymous_6)","decl":{"start":{"line":50,"column":30},"end":{"line":50,"column":31}},"loc":{"start":{"line":50,"column":50},"end":{"line":61,"column":1}},"line":50},"7":{"name":"(anonymous_7)","decl":{"start":{"line":63,"column":25},"end":{"line":63,"column":26}},"loc":{"start":{"line":63,"column":43},"end":{"line":79,"column":1}},"line":63},"8":{"name":"(anonymous_8)","decl":{"start":{"line":63,"column":43},"end":{"line":63,"column":44}},"loc":{"start":{"line":63,"column":63},"end":{"line":79,"column":1}},"line":63},"9":{"name":"(anonymous_9)","decl":{"start":{"line":81,"column":30},"end":{"line":81,"column":31}},"loc":{"start":{"line":81,"column":42},"end":{"line":93,"column":1}},"line":81},"10":{"name":"(anonymous_10)","decl":{"start":{"line":81,"column":42},"end":{"line":81,"column":43}},"loc":{"start":{"line":81,"column":62},"end":{"line":93,"column":1}},"line":81}},"branchMap":{},"s":{"0":1,"1":1,"2":1,"3":1,"4":1,"5":1,"6":1,"7":1,"8":0,"9":0,"10":0,"11":0,"12":0,"13":1,"14":0,"15":0,"16":0,"17":0,"18":1,"19":0,"20":0,"21":0,"22":0,"23":0,"24":1,"25":0,"26":0,"27":0,"28":0},"f":{"0":1,"1":1,"2":1,"3":0,"4":0,"5":0,"6":0,"7":0,"8":0,"9":0,"10":0},"b":{},"_coverageSchema":"43e27e138ebf9cfc5966b082cf9a028302ed4184","hash":"ce16e693f1aa5c5b5affcbdf1d4d6d6f40c922a6"}
,"/home/brunna/Área de Trabalho/Future4/aulas_git/BrunnaRocha/semana-10/aula-2-testes-react-redux/4eddit-G1/src/containers/App/index.js": {"path":"/home/brunna/Área de Trabalho/Future4/aulas_git/BrunnaRocha/semana-10/aula-2-testes-react-redux/4eddit-G1/src/containers/App/index.js","statementMap":{"0":{"start":{"line":20,"column":26},"end":{"line":20,"column":51}},"1":{"start":{"line":21,"column":12},"end":{"line":25,"column":2}},"2":{"start":{"line":27,"column":23},"end":{"line":27,"column":45}},"3":{"start":{"line":29,"column":20},"end":{"line":34,"column":1}},"4":{"start":{"line":33,"column":11},"end":{"line":33,"column":12}},"5":{"start":{"line":36,"column":14},"end":{"line":36,"column":77}},"6":{"start":{"line":38,"column":19},"end":{"line":49,"column":1}},"7":{"start":{"line":39,"column":2},"end":{"line":48,"column":13}}},"fnMap":{"0":{"name":"(anonymous_0)","decl":{"start":{"line":33,"column":6},"end":{"line":33,"column":7}},"loc":{"start":{"line":33,"column":11},"end":{"line":33,"column":12}},"line":33},"1":{"name":"(anonymous_1)","decl":{"start":{"line":38,"column":19},"end":{"line":38,"column":20}},"loc":{"start":{"line":39,"column":2},"end":{"line":48,"column":13}},"line":39}},"branchMap":{"0":{"loc":{"start":{"line":31,"column":2},"end":{"line":33,"column":12}},"type":"cond-expr","locations":[{"start":{"line":32,"column":6},"end":{"line":32,"column":43}},{"start":{"line":33,"column":6},"end":{"line":33,"column":12}}],"line":31}},"s":{"0":0,"1":0,"2":0,"3":0,"4":0,"5":0,"6":0,"7":0},"f":{"0":0,"1":0},"b":{"0":[0,0]},"hash":"02084d2695605bad3466cddc0728dea8f85c7222"}
,"/home/brunna/Área de Trabalho/Future4/aulas_git/BrunnaRocha/semana-10/aula-2-testes-react-redux/4eddit-G1/src/containers/DoubtDetailPage/index.js": {"path":"/home/brunna/Área de Trabalho/Future4/aulas_git/BrunnaRocha/semana-10/aula-2-testes-react-redux/4eddit-G1/src/containers/DoubtDetailPage/index.js","statementMap":{"0":{"start":{"line":15,"column":25},"end":{"line":17,"column":1}},"1":{"start":{"line":19,"column":22},"end":{"line":21,"column":1}},"2":{"start":{"line":23,"column":33},"end":{"line":26,"column":1}},"3":{"start":{"line":28,"column":30},"end":{"line":30,"column":1}},"4":{"start":{"line":32,"column":23},"end":{"line":41,"column":1}},"5":{"start":{"line":45,"column":8},"end":{"line":45,"column":20}},"6":{"start":{"line":46,"column":8},"end":{"line":48,"column":9}},"7":{"start":{"line":53,"column":8},"end":{"line":53,"column":93}},"8":{"start":{"line":53,"column":40},"end":{"line":53,"column":91}},"9":{"start":{"line":56,"column":18},"end":{"line":58,"column":5}},"10":{"start":{"line":57,"column":8},"end":{"line":57,"column":66}},"11":{"start":{"line":64,"column":46},"end":{"line":64,"column":56}},"12":{"start":{"line":67,"column":8},"end":{"line":79,"column":50}},"13":{"start":{"line":69,"column":8},"end":{"line":69,"column":41}},"14":{"start":{"line":70,"column":30},"end":{"line":78,"column":14}},"15":{"start":{"line":71,"column":16},"end":{"line":77,"column":18}},"16":{"start":{"line":79,"column":35},"end":{"line":79,"column":48}},"17":{"start":{"line":80,"column":8},"end":{"line":109,"column":9}},"18":{"start":{"line":113,"column":24},"end":{"line":116,"column":2}},"19":{"start":{"line":113,"column":34},"end":{"line":116,"column":1}},"20":{"start":{"line":118,"column":27},"end":{"line":121,"column":2}},"21":{"start":{"line":118,"column":40},"end":{"line":121,"column":1}},"22":{"start":{"line":119,"column":24},"end":{"line":119,"column":51}},"23":{"start":{"line":120,"column":32},"end":{"line":120,"column":64}}},"fnMap":{"0":{"name":"(anonymous_0)","decl":{"start":{"line":44,"column":4},"end":{"line":44,"column":5}},"loc":{"start":{"line":44,"column":23},"end":{"line":49,"column":5}},"line":44},"1":{"name":"(anonymous_1)","decl":{"start":{"line":51,"column":4},"end":{"line":51,"column":5}},"loc":{"start":{"line":51,"column":24},"end":{"line":54,"column":5}},"line":51},"2":{"name":"(anonymous_2)","decl":{"start":{"line":56,"column":18},"end":{"line":56,"column":19}},"loc":{"start":{"line":56,"column":29},"end":{"line":58,"column":5}},"line":56},"3":{"name":"(anonymous_3)","decl":{"start":{"line":62,"column":4},"end":{"line":62,"column":5}},"loc":{"start":{"line":62,"column":13},"end":{"line":110,"column":5}},"line":62},"4":{"name":"(anonymous_4)","decl":{"start":{"line":70,"column":55},"end":{"line":70,"column":56}},"loc":{"start":{"line":70,"column":75},"end":{"line":78,"column":13}},"line":70},"5":{"name":"(anonymous_5)","decl":{"start":{"line":113,"column":24},"end":{"line":113,"column":25}},"loc":{"start":{"line":113,"column":34},"end":{"line":116,"column":1}},"line":113},"6":{"name":"(anonymous_6)","decl":{"start":{"line":118,"column":27},"end":{"line":118,"column":28}},"loc":{"start":{"line":118,"column":40},"end":{"line":121,"column":1}},"line":118},"7":{"name":"(anonymous_7)","decl":{"start":{"line":119,"column":18},"end":{"line":119,"column":19}},"loc":{"start":{"line":119,"column":24},"end":{"line":119,"column":51}},"line":119},"8":{"name":"(anonymous_8)","decl":{"start":{"line":120,"column":20},"end":{"line":120,"column":21}},"loc":{"start":{"line":120,"column":32},"end":{"line":120,"column":64}},"line":120}},"branchMap":{"0":{"loc":{"start":{"line":53,"column":8},"end":{"line":53,"column":93}},"type":"if","locations":[{"start":{"line":53,"column":8},"end":{"line":53,"column":93}},{"start":{"line":53,"column":8},"end":{"line":53,"column":93}}],"line":53},"1":{"loc":{"start":{"line":67,"column":8},"end":{"line":79,"column":50}},"type":"if","locations":[{"start":{"line":67,"column":8},"end":{"line":79,"column":50}},{"start":{"line":67,"column":8},"end":{"line":79,"column":50}}],"line":67}},"s":{"0":0,"1":0,"2":0,"3":0,"4":0,"5":0,"6":0,"7":0,"8":0,"9":0,"10":0,"11":0,"12":0,"13":0,"14":0,"15":0,"16":0,"17":0,"18":0,"19":0,"20":0,"21":0,"22":0,"23":0},"f":{"0":0,"1":0,"2":0,"3":0,"4":0,"5":0,"6":0,"7":0,"8":0},"b":{"0":[0,0],"1":[0,0]},"hash":"c862c4fd84499c9f2a46c5daf38abb43f049b792"}
,"/home/brunna/Área de Trabalho/Future4/aulas_git/BrunnaRocha/semana-10/aula-2-testes-react-redux/4eddit-G1/src/containers/DoubtDetailPage/styled.js": {"path":"/home/brunna/Área de Trabalho/Future4/aulas_git/BrunnaRocha/semana-10/aula-2-testes-react-redux/4eddit-G1/src/containers/DoubtDetailPage/styled.js","statementMap":{"0":{"start":{"line":3,"column":35},"end":{"line":9,"column":1}},"1":{"start":{"line":11,"column":34},"end":{"line":15,"column":1}}},"fnMap":{},"branchMap":{},"s":{"0":0,"1":0},"f":{},"b":{},"hash":"3ed04b4b967a10edd77c9e70cfb6b7abcf0b7913"}
,"/home/brunna/Área de Trabalho/Future4/aulas_git/BrunnaRocha/semana-10/aula-2-testes-react-redux/4eddit-G1/src/containers/DoubtListPage/index.js": {"path":"/home/brunna/Área de Trabalho/Future4/aulas_git/BrunnaRocha/semana-10/aula-2-testes-react-redux/4eddit-G1/src/containers/DoubtListPage/index.js","statementMap":{"0":{"start":{"line":14,"column":25},"end":{"line":16,"column":1}},"1":{"start":{"line":18,"column":23},"end":{"line":27,"column":1}},"2":{"start":{"line":31,"column":8},"end":{"line":31,"column":20}},"3":{"start":{"line":32,"column":8},"end":{"line":35,"column":9}},"4":{"start":{"line":39,"column":8},"end":{"line":39,"column":29}},"5":{"start":{"line":42,"column":24},"end":{"line":44,"column":5}},"6":{"start":{"line":43,"column":9},"end":{"line":43,"column":75}},"7":{"start":{"line":46,"column":17},"end":{"line":48,"column":5}},"8":{"start":{"line":47,"column":8},"end":{"line":47,"column":53}},"9":{"start":{"line":50,"column":18},"end":{"line":52,"column":5}},"10":{"start":{"line":51,"column":8},"end":{"line":51,"column":54}},"11":{"start":{"line":56,"column":44},"end":{"line":56,"column":54}},"12":{"start":{"line":58,"column":26},"end":{"line":67,"column":10}},"13":{"start":{"line":59,"column":12},"end":{"line":66,"column":14}},"14":{"start":{"line":69,"column":8},"end":{"line":92,"column":9}},"15":{"start":{"line":96,"column":23},"end":{"line":99,"column":2}},"16":{"start":{"line":96,"column":32},"end":{"line":99,"column":1}},"17":{"start":{"line":101,"column":27},"end":{"line":106,"column":2}},"18":{"start":{"line":101,"column":40},"end":{"line":106,"column":1}},"19":{"start":{"line":102,"column":26},"end":{"line":102,"column":55}},"20":{"start":{"line":103,"column":20},"end":{"line":103,"column":40}},"21":{"start":{"line":104,"column":43},"end":{"line":104,"column":86}}},"fnMap":{"0":{"name":"(anonymous_0)","decl":{"start":{"line":30,"column":4},"end":{"line":30,"column":5}},"loc":{"start":{"line":30,"column":23},"end":{"line":36,"column":5}},"line":30},"1":{"name":"(anonymous_1)","decl":{"start":{"line":38,"column":4},"end":{"line":38,"column":5}},"loc":{"start":{"line":38,"column":23},"end":{"line":40,"column":5}},"line":38},"2":{"name":"(anonymous_2)","decl":{"start":{"line":42,"column":24},"end":{"line":42,"column":25}},"loc":{"start":{"line":42,"column":30},"end":{"line":44,"column":5}},"line":42},"3":{"name":"(anonymous_3)","decl":{"start":{"line":46,"column":17},"end":{"line":46,"column":18}},"loc":{"start":{"line":46,"column":28},"end":{"line":48,"column":5}},"line":46},"4":{"name":"(anonymous_4)","decl":{"start":{"line":50,"column":18},"end":{"line":50,"column":19}},"loc":{"start":{"line":50,"column":29},"end":{"line":52,"column":5}},"line":50},"5":{"name":"(anonymous_5)","decl":{"start":{"line":54,"column":4},"end":{"line":54,"column":5}},"loc":{"start":{"line":54,"column":13},"end":{"line":93,"column":5}},"line":54},"6":{"name":"(anonymous_6)","decl":{"start":{"line":58,"column":39},"end":{"line":58,"column":40}},"loc":{"start":{"line":58,"column":55},"end":{"line":67,"column":9}},"line":58},"7":{"name":"(anonymous_7)","decl":{"start":{"line":96,"column":23},"end":{"line":96,"column":24}},"loc":{"start":{"line":96,"column":32},"end":{"line":99,"column":1}},"line":96},"8":{"name":"(anonymous_8)","decl":{"start":{"line":101,"column":27},"end":{"line":101,"column":28}},"loc":{"start":{"line":101,"column":40},"end":{"line":106,"column":1}},"line":101},"9":{"name":"(anonymous_9)","decl":{"start":{"line":102,"column":20},"end":{"line":102,"column":21}},"loc":{"start":{"line":102,"column":26},"end":{"line":102,"column":55}},"line":102},"10":{"name":"(anonymous_10)","decl":{"start":{"line":103,"column":14},"end":{"line":103,"column":15}},"loc":{"start":{"line":103,"column":20},"end":{"line":103,"column":40}},"line":103},"11":{"name":"(anonymous_11)","decl":{"start":{"line":104,"column":16},"end":{"line":104,"column":17}},"loc":{"start":{"line":104,"column":43},"end":{"line":104,"column":86}},"line":104}},"branchMap":{},"s":{"0":0,"1":0,"2":0,"3":0,"4":0,"5":0,"6":0,"7":0,"8":0,"9":0,"10":0,"11":0,"12":0,"13":0,"14":0,"15":0,"16":0,"17":0,"18":0,"19":0,"20":0,"21":0},"f":{"0":0,"1":0,"2":0,"3":0,"4":0,"5":0,"6":0,"7":0,"8":0,"9":0,"10":0,"11":0},"b":{},"hash":"95427bef7d481bb376305addda7a801142e87984"}
,"/home/brunna/Área de Trabalho/Future4/aulas_git/BrunnaRocha/semana-10/aula-2-testes-react-redux/4eddit-G1/src/containers/DoubtListPage/styled.js": {"path":"/home/brunna/Área de Trabalho/Future4/aulas_git/BrunnaRocha/semana-10/aula-2-testes-react-redux/4eddit-G1/src/containers/DoubtListPage/styled.js","statementMap":{"0":{"start":{"line":3,"column":38},"end":{"line":9,"column":1}},"1":{"start":{"line":11,"column":34},"end":{"line":16,"column":1}},"2":{"start":{"line":19,"column":26},"end":{"line":30,"column":1}},"3":{"start":{"line":32,"column":31},"end":{"line":54,"column":1}}},"fnMap":{},"branchMap":{},"s":{"0":0,"1":0,"2":0,"3":0},"f":{},"b":{},"hash":"6fa0e7d593030bce72b5b46ec295ff3c7f94e0d5"}
,"/home/brunna/Área de Trabalho/Future4/aulas_git/BrunnaRocha/semana-10/aula-2-testes-react-redux/4eddit-G1/src/containers/LoginPage/index.js": {"path":"/home/brunna/Área de Trabalho/Future4/aulas_git/BrunnaRocha/semana-10/aula-2-testes-react-redux/4eddit-G1/src/containers/LoginPage/index.js","statementMap":{"0":{"start":{"line":13,"column":8},"end":{"line":13,"column":20}},"1":{"start":{"line":14,"column":8},"end":{"line":17,"column":9}},"2":{"start":{"line":20,"column":16},"end":{"line":22,"column":5}},"3":{"start":{"line":21,"column":8},"end":{"line":21,"column":63}},"4":{"start":{"line":24,"column":12},"end":{"line":27,"column":5}},"5":{"start":{"line":25,"column":8},"end":{"line":25,"column":30}},"6":{"start":{"line":26,"column":8},"end":{"line":26,"column":65}},"7":{"start":{"line":30,"column":8},"end":{"line":58,"column":9}},"8":{"start":{"line":66,"column":25},"end":{"line":68,"column":2}},"9":{"start":{"line":66,"column":36},"end":{"line":68,"column":1}},"10":{"start":{"line":67,"column":31},"end":{"line":67,"column":62}}},"fnMap":{"0":{"name":"(anonymous_0)","decl":{"start":{"line":12,"column":4},"end":{"line":12,"column":5}},"loc":{"start":{"line":12,"column":22},"end":{"line":18,"column":5}},"line":12},"1":{"name":"(anonymous_1)","decl":{"start":{"line":20,"column":16},"end":{"line":20,"column":17}},"loc":{"start":{"line":20,"column":25},"end":{"line":22,"column":5}},"line":20},"2":{"name":"(anonymous_2)","decl":{"start":{"line":24,"column":12},"end":{"line":24,"column":13}},"loc":{"start":{"line":24,"column":21},"end":{"line":27,"column":5}},"line":24},"3":{"name":"(anonymous_3)","decl":{"start":{"line":29,"column":4},"end":{"line":29,"column":5}},"loc":{"start":{"line":29,"column":12},"end":{"line":59,"column":5}},"line":29},"4":{"name":"(anonymous_4)","decl":{"start":{"line":66,"column":25},"end":{"line":66,"column":26}},"loc":{"start":{"line":66,"column":36},"end":{"line":68,"column":1}},"line":66},"5":{"name":"(anonymous_5)","decl":{"start":{"line":67,"column":13},"end":{"line":67,"column":14}},"loc":{"start":{"line":67,"column":31},"end":{"line":67,"column":62}},"line":67}},"branchMap":{},"s":{"0":0,"1":0,"2":0,"3":0,"4":0,"5":0,"6":0,"7":0,"8":0,"9":0,"10":0},"f":{"0":0,"1":0,"2":0,"3":0,"4":0,"5":0},"b":{},"hash":"b3acc0c3538bdc6f11263119f24640b62593c747"}
,"/home/brunna/Área de Trabalho/Future4/aulas_git/BrunnaRocha/semana-10/aula-2-testes-react-redux/4eddit-G1/src/containers/LoginPage/styled.js": {"path":"/home/brunna/Área de Trabalho/Future4/aulas_git/BrunnaRocha/semana-10/aula-2-testes-react-redux/4eddit-G1/src/containers/LoginPage/styled.js","statementMap":{"0":{"start":{"line":3,"column":38},"end":{"line":10,"column":1}},"1":{"start":{"line":12,"column":28},"end":{"line":23,"column":1}},"2":{"start":{"line":25,"column":25},"end":{"line":30,"column":1}},"3":{"start":{"line":32,"column":26},"end":{"line":35,"column":1}},"4":{"start":{"line":37,"column":28},"end":{"line":53,"column":1}},"5":{"start":{"line":56,"column":31},"end":{"line":73,"column":1}}},"fnMap":{},"branchMap":{},"s":{"0":0,"1":0,"2":0,"3":0,"4":0,"5":0},"f":{},"b":{},"hash":"3289d7888b0b2877b8f4854f42436d3702204b12"}
,"/home/brunna/Área de Trabalho/Future4/aulas_git/BrunnaRocha/semana-10/aula-2-testes-react-redux/4eddit-G1/src/containers/Router/index.js": {"path":"/home/brunna/Área de Trabalho/Future4/aulas_git/BrunnaRocha/semana-10/aula-2-testes-react-redux/4eddit-G1/src/containers/Router/index.js","statementMap":{"0":{"start":{"line":9,"column":22},"end":{"line":14,"column":1}},"1":{"start":{"line":17,"column":2},"end":{"line":26,"column":4}}},"fnMap":{"0":{"name":"Router","decl":{"start":{"line":16,"column":9},"end":{"line":16,"column":15}},"loc":{"start":{"line":16,"column":23},"end":{"line":27,"column":1}},"line":16}},"branchMap":{},"s":{"0":0,"1":0},"f":{"0":0},"b":{},"hash":"533b77555005dbf8143f479f883052563f8ba4e7"}
,"/home/brunna/Área de Trabalho/Future4/aulas_git/BrunnaRocha/semana-10/aula-2-testes-react-redux/4eddit-G1/src/containers/SignUpPage/index.js": {"path":"/home/brunna/Área de Trabalho/Future4/aulas_git/BrunnaRocha/semana-10/aula-2-testes-react-redux/4eddit-G1/src/containers/SignUpPage/index.js","statementMap":{"0":{"start":{"line":10,"column":8},"end":{"line":10,"column":20}},"1":{"start":{"line":11,"column":8},"end":{"line":13,"column":9}},"2":{"start":{"line":17,"column":8},"end":{"line":19,"column":9}}},"fnMap":{"0":{"name":"(anonymous_0)","decl":{"start":{"line":9,"column":4},"end":{"line":9,"column":5}},"loc":{"start":{"line":9,"column":22},"end":{"line":14,"column":5}},"line":9},"1":{"name":"(anonymous_1)","decl":{"start":{"line":16,"column":4},"end":{"line":16,"column":5}},"loc":{"start":{"line":16,"column":12},"end":{"line":20,"column":5}},"line":16}},"branchMap":{},"s":{"0":0,"1":0,"2":0},"f":{"0":0,"1":0},"b":{},"hash":"b86da3878c2a42c11e815d16609b269f6c2dec31"}
,"/home/brunna/Área de Trabalho/Future4/aulas_git/BrunnaRocha/semana-10/aula-2-testes-react-redux/4eddit-G1/src/reducers/index.js": {"path":"/home/brunna/Área de Trabalho/Future4/aulas_git/BrunnaRocha/semana-10/aula-2-testes-react-redux/4eddit-G1/src/reducers/index.js","statementMap":{"0":{"start":{"line":5,"column":32},"end":{"line":9,"column":4}},"1":{"start":{"line":6,"column":2},"end":{"line":9,"column":4}}},"fnMap":{"0":{"name":"(anonymous_0)","decl":{"start":{"line":5,"column":32},"end":{"line":5,"column":33}},"loc":{"start":{"line":6,"column":2},"end":{"line":9,"column":4}},"line":6}},"branchMap":{},"s":{"0":0,"1":0},"f":{"0":0},"b":{},"hash":"cc4e55a91e9561d530df999e8a946fc7e79b8864"}
,"/home/brunna/Área de Trabalho/Future4/aulas_git/BrunnaRocha/semana-10/aula-2-testes-react-redux/4eddit-G1/src/reducers/posts.js": {"path":"/home/brunna/Área de Trabalho/Future4/aulas_git/BrunnaRocha/semana-10/aula-2-testes-react-redux/4eddit-G1/src/reducers/posts.js","statementMap":{"0":{"start":{"line":1,"column":21},"end":{"line":5,"column":1}},"1":{"start":{"line":7,"column":14},"end":{"line":18,"column":1}},"2":{"start":{"line":8,"column":4},"end":{"line":17,"column":5}},"3":{"start":{"line":10,"column":12},"end":{"line":10,"column":63}},"4":{"start":{"line":12,"column":12},"end":{"line":12,"column":74}},"5":{"start":{"line":14,"column":12},"end":{"line":14,"column":72}},"6":{"start":{"line":16,"column":12},"end":{"line":16,"column":24}}},"fnMap":{"0":{"name":"(anonymous_0)","decl":{"start":{"line":7,"column":14},"end":{"line":7,"column":15}},"loc":{"start":{"line":7,"column":48},"end":{"line":18,"column":1}},"line":7}},"branchMap":{"0":{"loc":{"start":{"line":7,"column":15},"end":{"line":7,"column":35}},"type":"default-arg","locations":[{"start":{"line":7,"column":23},"end":{"line":7,"column":35}}],"line":7},"1":{"loc":{"start":{"line":8,"column":4},"end":{"line":17,"column":5}},"type":"switch","locations":[{"start":{"line":9,"column":8},"end":{"line":10,"column":63}},{"start":{"line":11,"column":8},"end":{"line":12,"column":74}},{"start":{"line":13,"column":8},"end":{"line":14,"column":72}},{"start":{"line":15,"column":8},"end":{"line":16,"column":24}}],"line":8}},"s":{"0":1,"1":1,"2":2,"3":1,"4":1,"5":0,"6":0},"f":{"0":2},"b":{"0":[2],"1":[1,1,0,0]},"_coverageSchema":"43e27e138ebf9cfc5966b082cf9a028302ed4184","hash":"c97f2955e368711e8a2a5dd251e4a5cea8eac28d"}
,"/home/brunna/Área de Trabalho/Future4/aulas_git/BrunnaRocha/semana-10/aula-2-testes-react-redux/4eddit-G1/src/style/styled.js": {"path":"/home/brunna/Área de Trabalho/Future4/aulas_git/BrunnaRocha/semana-10/aula-2-testes-react-redux/4eddit-G1/src/style/styled.js","statementMap":{"0":{"start":{"line":3,"column":29},"end":{"line":6,"column":1}},"1":{"start":{"line":8,"column":22},"end":{"line":15,"column":1}},"2":{"start":{"line":17,"column":26},"end":{"line":19,"column":1}},"3":{"start":{"line":21,"column":28},"end":{"line":32,"column":1}},"4":{"start":{"line":34,"column":33},"end":{"line":44,"column":1}}},"fnMap":{},"branchMap":{},"s":{"0":0,"1":0,"2":0,"3":0,"4":0},"f":{},"b":{},"hash":"bc9917e1755cd27826c43ea22ba36f1452ab76e5"}
,"/home/brunna/Área de Trabalho/Future4/aulas_git/BrunnaRocha/semana-10/aula-2-testes-react-redux/4eddit-G1/src/style/theme.js": {"path":"/home/brunna/Área de Trabalho/Future4/aulas_git/BrunnaRocha/semana-10/aula-2-testes-react-redux/4eddit-G1/src/style/theme.js","statementMap":{},"fnMap":{},"branchMap":{},"s":{},"f":{},"b":{},"hash":"ee1e296dd45c9e6297247774e776a6376bbb9513"}
}
