TN:
SF:/home/brunna/Área de Trabalho/Future4/aulas_git/BrunnaRocha/semana-10/aula-2-testes-react-redux/4eddit-G1/src/index.js
FNF:0
FNH:0
DA:5,0
DA:6,0
LF:2
LH:0
BRF:0
BRH:0
end_of_record
TN:
SF:/home/brunna/Área de Trabalho/Future4/aulas_git/BrunnaRocha/semana-10/aula-2-testes-react-redux/4eddit-G1/src/Components/AnswerCard/index.js
FN:18,(anonymous_0)
FN:25,(anonymous_1)
FNF:2
FNH:0
FNDA:0,(anonymous_0)
FNDA:0,(anonymous_1)
DA:11,0
DA:19,0
DA:20,0
DA:26,0
LF:4
LH:0
BRDA:31,0,0,0
BRDA:31,0,1,0
BRF:2
BRH:0
end_of_record
TN:
SF:/home/brunna/Área de Trabalho/Future4/aulas_git/BrunnaRocha/semana-10/aula-2-testes-react-redux/4eddit-G1/src/Components/AnswerCard/styled.js
FNF:0
FNH:0
DA:3,0
DA:11,0
DA:18,0
DA:25,0
DA:33,0
DA:42,0
DA:47,0
DA:61,0
DA:72,0
LF:9
LH:0
BRF:0
BRH:0
end_of_record
TN:
SF:/home/brunna/Área de Trabalho/Future4/aulas_git/BrunnaRocha/semana-10/aula-2-testes-react-redux/4eddit-G1/src/Components/PostCard/index.js
FN:20,(anonymous_0)
FN:27,(anonymous_1)
FN:32,(anonymous_2)
FN:38,(anonymous_3)
FN:53,(anonymous_4)
FN:55,(anonymous_5)
FN:68,(anonymous_6)
FN:69,(anonymous_7)
FN:70,(anonymous_8)
FN:71,(anonymous_9)
FNF:10
FNH:0
FNDA:0,(anonymous_0)
FNDA:0,(anonymous_1)
FNDA:0,(anonymous_2)
FNDA:0,(anonymous_3)
FNDA:0,(anonymous_4)
FNDA:0,(anonymous_5)
FNDA:0,(anonymous_6)
FNDA:0,(anonymous_7)
FNDA:0,(anonymous_8)
FNDA:0,(anonymous_9)
DA:13,0
DA:21,0
DA:22,0
DA:27,0
DA:28,0
DA:29,0
DA:32,0
DA:33,0
DA:34,0
DA:40,0
DA:42,0
DA:53,0
DA:55,0
DA:68,0
DA:69,0
DA:70,0
DA:71,0
LF:17
LH:0
BRDA:45,0,0,0
BRDA:45,0,1,0
BRDA:54,1,0,0
BRDA:54,1,1,0
BRDA:57,2,0,0
BRDA:57,2,1,0
BRF:6
BRH:0
end_of_record
TN:
SF:/home/brunna/Área de Trabalho/Future4/aulas_git/BrunnaRocha/semana-10/aula-2-testes-react-redux/4eddit-G1/src/Components/PostCard/styled.js
FNF:0
FNH:0
DA:3,0
DA:13,0
DA:17,0
DA:24,0
DA:31,0
DA:39,0
DA:48,0
DA:53,0
DA:67,0
DA:78,0
LF:10
LH:0
BRF:0
BRH:0
end_of_record
TN:
SF:/home/brunna/Área de Trabalho/Future4/aulas_git/BrunnaRocha/semana-10/aula-2-testes-react-redux/4eddit-G1/src/Components/QuestionCard/index.js
FN:18,(anonymous_0)
FN:25,(anonymous_1)
FNF:2
FNH:0
FNDA:0,(anonymous_0)
FNDA:0,(anonymous_1)
DA:11,0
DA:19,0
DA:20,0
DA:26,0
LF:4
LH:0
BRDA:29,0,0,0
BRDA:29,0,1,0
BRDA:45,1,0,0
BRDA:45,1,1,0
BRF:4
BRH:0
end_of_record
TN:
SF:/home/brunna/Área de Trabalho/Future4/aulas_git/BrunnaRocha/semana-10/aula-2-testes-react-redux/4eddit-G1/src/Components/QuestionCard/styled.js
FNF:0
FNH:0
DA:3,0
DA:11,0
DA:18,0
DA:25,0
DA:33,0
DA:42,0
DA:47,0
DA:61,0
DA:72,0
LF:9
LH:0
BRF:0
BRH:0
end_of_record
TN:
SF:/home/brunna/Área de Trabalho/Future4/aulas_git/BrunnaRocha/semana-10/aula-2-testes-react-redux/4eddit-G1/src/actions/auth.js
FN:7,(anonymous_0)
FN:7,(anonymous_1)
FN:24,(anonymous_2)
FN:24,(anonymous_3)
FNF:4
FNH:0
FNDA:0,(anonymous_0)
FNDA:0,(anonymous_1)
FNDA:0,(anonymous_2)
FNDA:0,(anonymous_3)
DA:5,0
DA:7,0
DA:8,0
DA:10,0
DA:15,0
DA:17,0
DA:18,0
DA:20,0
DA:24,0
DA:25,0
DA:27,0
DA:33,0
DA:35,0
DA:37,0
LF:14
LH:0
BRF:0
BRH:0
end_of_record
TN:
SF:/home/brunna/Área de Trabalho/Future4/aulas_git/BrunnaRocha/semana-10/aula-2-testes-react-redux/4eddit-G1/src/actions/index.js
FN:5,(anonymous_0)
FN:12,(anonymous_1)
FN:19,(anonymous_2)
FN:28,(anonymous_3)
FN:28,(anonymous_4)
FN:50,(anonymous_5)
FN:50,(anonymous_6)
FN:63,(anonymous_7)
FN:63,(anonymous_8)
FN:81,(anonymous_9)
FN:81,(anonymous_10)
FNF:11
FNH:3
FNDA:1,(anonymous_0)
FNDA:1,(anonymous_1)
FNDA:1,(anonymous_2)
FNDA:0,(anonymous_3)
FNDA:0,(anonymous_4)
FNDA:0,(anonymous_5)
FNDA:0,(anonymous_6)
FNDA:0,(anonymous_7)
FNDA:0,(anonymous_8)
FNDA:0,(anonymous_9)
FNDA:0,(anonymous_10)
DA:3,1
DA:5,1
DA:12,1
DA:19,1
DA:28,1
DA:30,0
DA:32,0
DA:37,0
DA:45,0
DA:50,1
DA:52,0
DA:54,0
DA:60,0
DA:63,1
DA:65,0
DA:67,0
DA:71,0
DA:78,0
DA:81,1
DA:82,0
DA:84,0
DA:91,0
LF:22
LH:8
BRF:0
BRH:0
end_of_record
TN:
SF:/home/brunna/Área de Trabalho/Future4/aulas_git/BrunnaRocha/semana-10/aula-2-testes-react-redux/4eddit-G1/src/containers/App/index.js
FN:33,(anonymous_0)
FN:38,(anonymous_1)
FNF:2
FNH:0
FNDA:0,(anonymous_0)
FNDA:0,(anonymous_1)
DA:20,0
DA:21,0
DA:27,0
DA:29,0
DA:33,0
DA:36,0
DA:38,0
DA:39,0
LF:8
LH:0
BRDA:31,0,0,0
BRDA:31,0,1,0
BRF:2
BRH:0
end_of_record
TN:
SF:/home/brunna/Área de Trabalho/Future4/aulas_git/BrunnaRocha/semana-10/aula-2-testes-react-redux/4eddit-G1/src/containers/DoubtDetailPage/index.js
FN:44,(anonymous_0)
FN:51,(anonymous_1)
FN:56,(anonymous_2)
FN:62,(anonymous_3)
FN:70,(anonymous_4)
FN:113,(anonymous_5)
FN:118,(anonymous_6)
FN:119,(anonymous_7)
FN:120,(anonymous_8)
FNF:9
FNH:0
FNDA:0,(anonymous_0)
FNDA:0,(anonymous_1)
FNDA:0,(anonymous_2)
FNDA:0,(anonymous_3)
FNDA:0,(anonymous_4)
FNDA:0,(anonymous_5)
FNDA:0,(anonymous_6)
FNDA:0,(anonymous_7)
FNDA:0,(anonymous_8)
DA:15,0
DA:19,0
DA:23,0
DA:28,0
DA:32,0
DA:45,0
DA:46,0
DA:53,0
DA:56,0
DA:57,0
DA:64,0
DA:67,0
DA:69,0
DA:70,0
DA:71,0
DA:79,0
DA:80,0
DA:113,0
DA:118,0
DA:119,0
DA:120,0
LF:21
LH:0
BRDA:53,0,0,0
BRDA:53,0,1,0
BRDA:67,1,0,0
BRDA:67,1,1,0
BRF:4
BRH:0
end_of_record
TN:
SF:/home/brunna/Área de Trabalho/Future4/aulas_git/BrunnaRocha/semana-10/aula-2-testes-react-redux/4eddit-G1/src/containers/DoubtDetailPage/styled.js
FNF:0
FNH:0
DA:3,0
DA:11,0
LF:2
LH:0
BRF:0
BRH:0
end_of_record
TN:
SF:/home/brunna/Área de Trabalho/Future4/aulas_git/BrunnaRocha/semana-10/aula-2-testes-react-redux/4eddit-G1/src/containers/DoubtListPage/index.js
FN:30,(anonymous_0)
FN:38,(anonymous_1)
FN:42,(anonymous_2)
FN:46,(anonymous_3)
FN:50,(anonymous_4)
FN:54,(anonymous_5)
FN:58,(anonymous_6)
FN:96,(anonymous_7)
FN:101,(anonymous_8)
FN:102,(anonymous_9)
FN:103,(anonymous_10)
FN:104,(anonymous_11)
FNF:12
FNH:0
FNDA:0,(anonymous_0)
FNDA:0,(anonymous_1)
FNDA:0,(anonymous_2)
FNDA:0,(anonymous_3)
FNDA:0,(anonymous_4)
FNDA:0,(anonymous_5)
FNDA:0,(anonymous_6)
FNDA:0,(anonymous_7)
FNDA:0,(anonymous_8)
FNDA:0,(anonymous_9)
FNDA:0,(anonymous_10)
FNDA:0,(anonymous_11)
DA:14,0
DA:18,0
DA:31,0
DA:32,0
DA:39,0
DA:42,0
DA:43,0
DA:46,0
DA:47,0
DA:50,0
DA:51,0
DA:56,0
DA:58,0
DA:59,0
DA:69,0
DA:96,0
DA:101,0
DA:102,0
DA:103,0
DA:104,0
LF:20
LH:0
BRF:0
BRH:0
end_of_record
TN:
SF:/home/brunna/Área de Trabalho/Future4/aulas_git/BrunnaRocha/semana-10/aula-2-testes-react-redux/4eddit-G1/src/containers/DoubtListPage/styled.js
FNF:0
FNH:0
DA:3,0
DA:11,0
DA:19,0
DA:32,0
LF:4
LH:0
BRF:0
BRH:0
end_of_record
TN:
SF:/home/brunna/Área de Trabalho/Future4/aulas_git/BrunnaRocha/semana-10/aula-2-testes-react-redux/4eddit-G1/src/containers/LoginPage/index.js
FN:12,(anonymous_0)
FN:20,(anonymous_1)
FN:24,(anonymous_2)
FN:29,(anonymous_3)
FN:66,(anonymous_4)
FN:67,(anonymous_5)
FNF:6
FNH:0
FNDA:0,(anonymous_0)
FNDA:0,(anonymous_1)
FNDA:0,(anonymous_2)
FNDA:0,(anonymous_3)
FNDA:0,(anonymous_4)
FNDA:0,(anonymous_5)
DA:13,0
DA:14,0
DA:20,0
DA:21,0
DA:24,0
DA:25,0
DA:26,0
DA:30,0
DA:66,0
DA:67,0
LF:10
LH:0
BRF:0
BRH:0
end_of_record
TN:
SF:/home/brunna/Área de Trabalho/Future4/aulas_git/BrunnaRocha/semana-10/aula-2-testes-react-redux/4eddit-G1/src/containers/LoginPage/styled.js
FNF:0
FNH:0
DA:3,0
DA:12,0
DA:25,0
DA:32,0
DA:37,0
DA:56,0
LF:6
LH:0
BRF:0
BRH:0
end_of_record
TN:
SF:/home/brunna/Área de Trabalho/Future4/aulas_git/BrunnaRocha/semana-10/aula-2-testes-react-redux/4eddit-G1/src/containers/Router/index.js
FN:16,Router
FNF:1
FNH:0
FNDA:0,Router
DA:9,0
DA:17,0
LF:2
LH:0
BRF:0
BRH:0
end_of_record
TN:
SF:/home/brunna/Área de Trabalho/Future4/aulas_git/BrunnaRocha/semana-10/aula-2-testes-react-redux/4eddit-G1/src/containers/SignUpPage/index.js
FN:9,(anonymous_0)
FN:16,(anonymous_1)
FNF:2
FNH:0
FNDA:0,(anonymous_0)
FNDA:0,(anonymous_1)
DA:10,0
DA:11,0
DA:17,0
LF:3
LH:0
BRF:0
BRH:0
end_of_record
TN:
SF:/home/brunna/Área de Trabalho/Future4/aulas_git/BrunnaRocha/semana-10/aula-2-testes-react-redux/4eddit-G1/src/reducers/index.js
FN:5,(anonymous_0)
FNF:1
FNH:0
FNDA:0,(anonymous_0)
DA:5,0
DA:6,0
LF:2
LH:0
BRF:0
BRH:0
end_of_record
TN:
SF:/home/brunna/Área de Trabalho/Future4/aulas_git/BrunnaRocha/semana-10/aula-2-testes-react-redux/4eddit-G1/src/reducers/posts.js
FN:7,(anonymous_0)
FNF:1
FNH:1
FNDA:2,(anonymous_0)
DA:1,1
DA:7,1
DA:8,2
DA:10,1
DA:12,1
DA:14,0
DA:16,0
LF:7
LH:5
BRDA:7,0,0,2
BRDA:8,1,0,1
BRDA:8,1,1,1
BRDA:8,1,2,0
BRDA:8,1,3,0
BRF:5
BRH:3
end_of_record
TN:
SF:/home/brunna/Área de Trabalho/Future4/aulas_git/BrunnaRocha/semana-10/aula-2-testes-react-redux/4eddit-G1/src/style/styled.js
FNF:0
FNH:0
DA:3,0
DA:8,0
DA:17,0
DA:21,0
DA:34,0
LF:5
LH:0
BRF:0
BRH:0
end_of_record
TN:
SF:/home/brunna/Área de Trabalho/Future4/aulas_git/BrunnaRocha/semana-10/aula-2-testes-react-redux/4eddit-G1/src/style/theme.js
FNF:0
FNH:0
LF:0
LH:0
BRF:0
BRH:0
end_of_record
